// 重构日志: d0beea93
// 重构日志: b22f9b10
// 重构日志: 1769ef2a
// 同步 ID: 9ae24af8 @ Tue Jun  9 13:06:11 UTC 2026
// 同步 ID: 954bad06 @ Tue Jun  9 15:51:04 UTC 2026
// 重构日志: 6ca083fd
// 同步 ID: 07b464a5 @ Fri Jun 12 06:59:38 UTC 2026
// 同步 ID: 0f5e6e65 @ Fri Jun 12 14:57:49 UTC 2026
// 重构日志: 5fe6cfa5
// 重构日志: 11c27884
// 重构日志: f230f1bd
// 同步 ID: debce450 @ Mon Jun 15 22:58:21 UTC 2026
// 同步 ID: 8a9f254b @ Tue Jun 16 12:00:38 UTC 2026
// 重构日志: 863ec9fc
// 重构日志: 7c8862dd
// 重构日志: bdc25166
// 重构日志: 29102536
// 同步 ID: 98bc1f87 @ Sat Jun 20 16:18:31 UTC 2026
// 同步 ID: 2210b9a8 @ Sun Jun 21 15:37:59 UTC 2026
// 重构日志: a59f1ae1
// 重构日志: 34ae1e17
// 同步 ID: debc5f98 @ Wed Jun 24 12:32:00 UTC 2026
// 同步 ID: 55859aec @ Wed Jun 24 15:44:59 UTC 2026
// 重构日志: f70c9aa5
// 同步 ID: 158594a0 @ Sat Jun 27 08:46:22 UTC 2026
// 同步 ID: 06988b1e @ Sat Jun 27 12:18:54 UTC 2026
// 重构日志: a80b24e1
// 重构日志: a9d05a1c
// 重构日志: 423ef6fa
// 同步 ID: 98cf9cd7 @ Sun Jun 28 08:45:44 UTC 2026
